#
# There is insufficient memory for the Java Runtime Environment to continue.
# Native memory allocation (malloc) failed to allocate 32744 bytes for ChunkPool::allocate
# Possible reasons:
#   The system is out of physical RAM or swap space
#   In 32 bit mode, the process size limit was hit
# Possible solutions:
#   Reduce memory load on the system
#   Increase physical memory or swap space
#   Check if swap backing store is full
#   Use 64 bit Java on a 64 bit OS
#   Decrease Java heap size (-Xmx/-Xms)
#   Decrease number of Java threads
#   Decrease Java thread stack sizes (-Xss)
#   Set larger code cache with -XX:ReservedCodeCacheSize=
# This output file may be truncated or incomplete.
#
#  Out of Memory Error (allocation.cpp:273), pid=23060, tid=28084
#
# JRE version: Java(TM) SE Runtime Environment (8.0_66-b18) (build 1.8.0_66-b18)
# Java VM: Java HotSpot(TM) 64-Bit Server VM (25.66-b18 mixed mode windows-amd64 compressed oops)
# Failed to write core dump. Minidumps are not enabled by default on client versions of Windows
#

---------------  T H R E A D  ---------------

Current thread (0x0000000016288800):  JavaThread "C1 CompilerThread2" daemon [_thread_in_native, id=28084, stack(0x0000000016680000,0x0000000016780000)]

Stack: [0x0000000016680000,0x0000000016780000]
[error occurred during error reporting (printing stack bounds), id 0xc0000005]

Native frames: (J=compiled Java code, j=interpreted, Vv=VM code, C=native code)


Current CompileTask:
C1:  21675 4514       3       sun.reflect.generics.parser.SignatureParser::parseZeroOrMoreTypeSignatures (174 bytes)


---------------  P R O C E S S  ---------------

Java Threads: ( => current thread )
  0x0000000018045800 JavaThread "File lock request listener" [_thread_in_native, id=4964, stack(0x000000001a3a0000,0x000000001a4a0000)]
  0x00000000175c8000 JavaThread "Stdin handler" [_thread_blocked, id=28624, stack(0x0000000018cd0000,0x0000000018dd0000)]
  0x0000000017699000 JavaThread "Daemon worker" [_thread_in_vm, id=21972, stack(0x0000000018bd0000,0x0000000018cd0000)]
  0x0000000017698800 JavaThread "Cancel handler" [_thread_blocked, id=26296, stack(0x0000000018ad0000,0x0000000018bd0000)]
  0x0000000017688800 JavaThread "Handler for socket connection from /127.0.0.1:62843 to /127.0.0.1:62845" [_thread_in_native, id=22908, stack(0x00000000189d0000,0x0000000018ad0000)]
  0x0000000017688000 JavaThread "Daemon" [_thread_blocked, id=17348, stack(0x00000000188d0000,0x00000000189d0000)]
  0x00000000175c7800 JavaThread "Incoming local TCP Connector on port 62843" [_thread_in_native, id=27452, stack(0x00000000184f0000,0x00000000185f0000)]
  0x00000000162a1800 JavaThread "Service Thread" daemon [_thread_blocked, id=20604, stack(0x0000000016780000,0x0000000016880000)]
=>0x0000000016288800 JavaThread "C1 CompilerThread2" daemon [_thread_in_native, id=28084, stack(0x0000000016680000,0x0000000016780000)]
  0x0000000014aa4800 JavaThread "C2 CompilerThread1" daemon [_thread_in_native, id=23720, stack(0x0000000016180000,0x0000000016280000)]
  0x0000000014a4e000 JavaThread "C2 CompilerThread0" daemon [_thread_in_native, id=23752, stack(0x0000000016080000,0x0000000016180000)]
  0x0000000014a4c000 JavaThread "Attach Listener" daemon [_thread_blocked, id=9092, stack(0x0000000015f80000,0x0000000016080000)]
  0x0000000014a4b000 JavaThread "Signal Dispatcher" daemon [_thread_blocked, id=13688, stack(0x0000000015e80000,0x0000000015f80000)]
  0x000000000230a800 JavaThread "Finalizer" daemon [_thread_blocked, id=28776, stack(0x0000000015ca0000,0x0000000015da0000)]
  0x0000000002302800 JavaThread "Reference Handler" daemon [_thread_blocked, id=16052, stack(0x0000000015ba0000,0x0000000015ca0000)]
  0x0000000002212800 JavaThread "main" [_thread_blocked, id=2952, stack(0x00000000009e0000,0x0000000000ae0000)]

Other Threads:
  0x0000000014a17800 VMThread [stack: 0x0000000015aa0000,0x0000000015ba0000] [id=13968]
  0x00000000162ac800 WatcherThread [stack: 0x0000000016880000,0x0000000016980000] [id=27220]

VM state:not at safepoint (normal execution)

VM Mutex/Monitor currently owned by a thread: None

Heap:
 PSYoungGen      total 137216K, used 61297K [0x00000000eab00000, 0x00000000f6c80000, 0x0000000100000000)
  eden space 124416K, 49% used [0x00000000eab00000,0x00000000ee6dc620,0x00000000f2480000)
  from space 12800K, 0% used [0x00000000f2480000,0x00000000f2480000,0x00000000f3100000)
  to   space 12288K, 0% used [0x00000000f6080000,0x00000000f6080000,0x00000000f6c80000)
 ParOldGen       total 92160K, used 18914K [0x00000000c0000000, 0x00000000c5a00000, 0x00000000eab00000)
  object space 92160K, 20% used [0x00000000c0000000,0x00000000c1278bd8,0x00000000c5a00000)
 Metaspace       used 38673K, capacity 39586K, committed 39808K, reserved 1083392K
  class space    used 5202K, capacity 5438K, committed 5504K, reserved 1048576K

Card table byte_map: [0x0000000011740000,0x0000000011950000] byte_map_base: 0x0000000011140000

Marking Bits: (ParMarkBitMap*) 0x0000000071f3a5b0
 Begin Bits: [0x0000000011eb0000, 0x0000000012eb0000)
 End Bits:   [0x0000000012eb0000, 0x0000000013eb0000)

Polling page: 0x0000000000510000

CodeCache: size=245760Kb used=16485Kb max_used=16531Kb free=229274Kb
 bounds [0x0000000002380000, 0x00000000033c0000, 0x0000000011380000]
 total_blobs=4891 nmethods=4216 adapters=586
 compilation: enabled

Compilation events (10 events):
Event: 21.549 Thread 0x0000000016288800 nmethod 4512 0x000000000338f390 code [0x000000000338f4e0, 0x000000000338f5f0]
Event: 21.549 Thread 0x0000000016288800 4510       3       com.sun.xml.internal.bind.v2.model.nav.ReflectionNavigator::isSameType (13 bytes)
Event: 21.549 Thread 0x0000000016288800 nmethod 4510 0x000000000338f690 code [0x000000000338f820, 0x000000000338fd28]
Event: 21.549 Thread 0x0000000016288800 4511       3       com.sun.xml.internal.bind.v2.model.nav.ReflectionNavigator::isSameType (6 bytes)
Event: 21.549 Thread 0x0000000016288800 nmethod 4511 0x000000000338fe90 code [0x0000000003390000, 0x0000000003390228]
Event: 21.549 Thread 0x0000000016288800 4513       3       java.util.TreeMap$KeyIterator::next (8 bytes)
Event: 21.550 Thread 0x0000000016288800 nmethod 4513 0x0000000003390310 code [0x0000000003390480, 0x0000000003390688]
Event: 21.552 Thread 0x0000000016288800 4514       3       sun.reflect.generics.parser.SignatureParser::parseZeroOrMoreTypeSignatures (174 bytes)
Event: 21.566 Thread 0x0000000014a4e000 nmethod 4404 0x000000000339bd50 code [0x000000000339c580, 0x00000000033a4cf8]
Event: 21.566 Thread 0x0000000014a4e000 4420       4       com.sun.beans.TypeResolver::resolve (37 bytes)

GC Heap History (10 events):
Event: 9.080 GC heap before
{Heap before GC invocations=9 (full 1):
 PSYoungGen      total 62976K, used 53456K [0x00000000eab00000, 0x00000000f1780000, 0x0000000100000000)
  eden space 51712K, 100% used [0x00000000eab00000,0x00000000edd80000,0x00000000edd80000)
  from space 11264K, 15% used [0x00000000edd80000,0x00000000edf34030,0x00000000ee880000)
  to   space 10752K, 0% used [0x00000000f0d00000,0x00000000f0d00000,0x00000000f1780000)
 ParOldGen       total 60416K, used 7682K [0x00000000c0000000, 0x00000000c3b00000, 0x00000000eab00000)
  object space 60416K, 12% used [0x00000000c0000000,0x00000000c0780ae8,0x00000000c3b00000)
 Metaspace       used 21133K, capacity 21524K, committed 21632K, reserved 1069056K
  class space    used 2757K, capacity 2886K, committed 2944K, reserved 1048576K
Event: 9.085 GC heap after
Heap after GC invocations=9 (full 1):
 PSYoungGen      total 100352K, used 2160K [0x00000000eab00000, 0x00000000f1800000, 0x0000000100000000)
  eden space 89600K, 0% used [0x00000000eab00000,0x00000000eab00000,0x00000000f0280000)
  from space 10752K, 20% used [0x00000000f0d00000,0x00000000f0f1c030,0x00000000f1780000)
  to   space 10752K, 0% used [0x00000000f0280000,0x00000000f0280000,0x00000000f0d00000)
 ParOldGen       total 60416K, used 7682K [0x00000000c0000000, 0x00000000c3b00000, 0x00000000eab00000)
  object space 60416K, 12% used [0x00000000c0000000,0x00000000c0780ae8,0x00000000c3b00000)
 Metaspace       used 21133K, capacity 21524K, committed 21632K, reserved 1069056K
  class space    used 2757K, capacity 2886K, committed 2944K, reserved 1048576K
}
Event: 12.442 GC heap before
{Heap before GC invocations=10 (full 1):
 PSYoungGen      total 100352K, used 91760K [0x00000000eab00000, 0x00000000f1800000, 0x0000000100000000)
  eden space 89600K, 100% used [0x00000000eab00000,0x00000000f0280000,0x00000000f0280000)
  from space 10752K, 20% used [0x00000000f0d00000,0x00000000f0f1c030,0x00000000f1780000)
  to   space 10752K, 0% used [0x00000000f0280000,0x00000000f0280000,0x00000000f0d00000)
 ParOldGen       total 60416K, used 7682K [0x00000000c0000000, 0x00000000c3b00000, 0x00000000eab00000)
  object space 60416K, 12% used [0x00000000c0000000,0x00000000c0780ae8,0x00000000c3b00000)
 Metaspace       used 25484K, capacity 26068K, committed 26368K, reserved 1073152K
  class space    used 3385K, capacity 3537K, committed 3584K, reserved 1048576K
Event: 12.462 GC heap after
Heap after GC invocations=10 (full 1):
 PSYoungGen      total 100352K, used 8372K [0x00000000eab00000, 0x00000000f3e80000, 0x0000000100000000)
  eden space 89600K, 0% used [0x00000000eab00000,0x00000000eab00000,0x00000000f0280000)
  from space 10752K, 77% used [0x00000000f0280000,0x00000000f0aad338,0x00000000f0d00000)
  to   space 11776K, 0% used [0x00000000f3300000,0x00000000f3300000,0x00000000f3e80000)
 ParOldGen       total 60416K, used 8066K [0x00000000c0000000, 0x00000000c3b00000, 0x00000000eab00000)
  object space 60416K, 13% used [0x00000000c0000000,0x00000000c07e0b18,0x00000000c3b00000)
 Metaspace       used 25484K, capacity 26068K, committed 26368K, reserved 1073152K
  class space    used 3385K, capacity 3537K, committed 3584K, reserved 1048576K
}
Event: 19.018 GC heap before
{Heap before GC invocations=11 (full 1):
 PSYoungGen      total 100352K, used 97972K [0x00000000eab00000, 0x00000000f3e80000, 0x0000000100000000)
  eden space 89600K, 100% used [0x00000000eab00000,0x00000000f0280000,0x00000000f0280000)
  from space 10752K, 77% used [0x00000000f0280000,0x00000000f0aad338,0x00000000f0d00000)
  to   space 11776K, 0% used [0x00000000f3300000,0x00000000f3300000,0x00000000f3e80000)
 ParOldGen       total 60416K, used 8066K [0x00000000c0000000, 0x00000000c3b00000, 0x00000000eab00000)
  object space 60416K, 13% used [0x00000000c0000000,0x00000000c07e0b18,0x00000000c3b00000)
 Metaspace       used 30586K, capacity 31172K, committed 31488K, reserved 1077248K
  class space    used 4077K, capacity 4230K, committed 4352K, reserved 1048576K
Event: 19.030 GC heap after
Heap after GC invocations=11 (full 1):
 PSYoungGen      total 135168K, used 10192K [0x00000000eab00000, 0x00000000f3d80000, 0x0000000100000000)
  eden space 124416K, 0% used [0x00000000eab00000,0x00000000eab00000,0x00000000f2480000)
  from space 10752K, 94% used [0x00000000f3300000,0x00000000f3cf41e8,0x00000000f3d80000)
  to   space 12800K, 0% used [0x00000000f2480000,0x00000000f2480000,0x00000000f3100000)
 ParOldGen       total 60416K, used 8378K [0x00000000c0000000, 0x00000000c3b00000, 0x00000000eab00000)
  object space 60416K, 13% used [0x00000000c0000000,0x00000000c082eb28,0x00000000c3b00000)
 Metaspace       used 30586K, capacity 31172K, committed 31488K, reserved 1077248K
  class space    used 4077K, capacity 4230K, committed 4352K, reserved 1048576K
}
Event: 20.406 GC heap before
{Heap before GC invocations=12 (full 1):
 PSYoungGen      total 135168K, used 83121K [0x00000000eab00000, 0x00000000f3d80000, 0x0000000100000000)
  eden space 124416K, 58% used [0x00000000eab00000,0x00000000ef238500,0x00000000f2480000)
  from space 10752K, 94% used [0x00000000f3300000,0x00000000f3cf41e8,0x00000000f3d80000)
  to   space 12800K, 0% used [0x00000000f2480000,0x00000000f2480000,0x00000000f3100000)
 ParOldGen       total 60416K, used 8378K [0x00000000c0000000, 0x00000000c3b00000, 0x00000000eab00000)
  object space 60416K, 13% used [0x00000000c0000000,0x00000000c082eb28,0x00000000c3b00000)
 Metaspace       used 34801K, capacity 35416K, committed 35496K, reserved 1079296K
  class space    used 4636K, capacity 4859K, committed 4864K, reserved 1048576K
Event: 20.429 GC heap after
Heap after GC invocations=12 (full 1):
 PSYoungGen      total 137216K, used 5863K [0x00000000eab00000, 0x00000000f6c80000, 0x0000000100000000)
  eden space 124416K, 0% used [0x00000000eab00000,0x00000000eab00000,0x00000000f2480000)
  from space 12800K, 45% used [0x00000000f2480000,0x00000000f2a39f60,0x00000000f3100000)
  to   space 12288K, 0% used [0x00000000f6080000,0x00000000f6080000,0x00000000f6c80000)
 ParOldGen       total 60416K, used 14775K [0x00000000c0000000, 0x00000000c3b00000, 0x00000000eab00000)
  object space 60416K, 24% used [0x00000000c0000000,0x00000000c0e6dfb8,0x00000000c3b00000)
 Metaspace       used 34801K, capacity 35416K, committed 35496K, reserved 1079296K
  class space    used 4636K, capacity 4859K, committed 4864K, reserved 1048576K
}
Event: 20.429 GC heap before
{Heap before GC invocations=13 (full 2):
 PSYoungGen      total 137216K, used 5863K [0x00000000eab00000, 0x00000000f6c80000, 0x0000000100000000)
  eden space 124416K, 0% used [0x00000000eab00000,0x00000000eab00000,0x00000000f2480000)
  from space 12800K, 45% used [0x00000000f2480000,0x00000000f2a39f60,0x00000000f3100000)
  to   space 12288K, 0% used [0x00000000f6080000,0x00000000f6080000,0x00000000f6c80000)
 ParOldGen       total 60416K, used 14775K [0x00000000c0000000, 0x00000000c3b00000, 0x00000000eab00000)
  object space 60416K, 24% used [0x00000000c0000000,0x00000000c0e6dfb8,0x00000000c3b00000)
 Metaspace       used 34801K, capacity 35416K, committed 35496K, reserved 1079296K
  class space    used 4636K, capacity 4859K, committed 4864K, reserved 1048576K
Event: 20.564 GC heap after
Heap after GC invocations=13 (full 2):
 PSYoungGen      total 137216K, used 0K [0x00000000eab00000, 0x00000000f6c80000, 0x0000000100000000)
  eden space 124416K, 0% used [0x00000000eab00000,0x00000000eab00000,0x00000000f2480000)
  from space 12800K, 0% used [0x00000000f2480000,0x00000000f2480000,0x00000000f3100000)
  to   space 12288K, 0% used [0x00000000f6080000,0x00000000f6080000,0x00000000f6c80000)
 ParOldGen       total 92160K, used 18914K [0x00000000c0000000, 0x00000000c5a00000, 0x00000000eab00000)
  object space 92160K, 20% used [0x00000000c0000000,0x00000000c1278bd8,0x00000000c5a00000)
 Metaspace       used 34782K, capacity 35394K, committed 35496K, reserved 1079296K
  class space    used 4630K, capacity 4853K, committed 4864K, reserved 1048576K
}

Deoptimization events (10 events):
Event: 20.975 Thread 0x0000000017699000 Uncommon trap: reason=bimorphic action=maybe_recompile pc=0x0000000003204c80 method=java.util.regex.Pattern$Curly.match(Ljava/util/regex/Matcher;ILjava/lang/CharSequence;)Z @ 19
Event: 20.975 Thread 0x0000000017699000 Uncommon trap: reason=bimorphic action=maybe_recompile pc=0x0000000003204c80 method=java.util.regex.Pattern$Curly.match(Ljava/util/regex/Matcher;ILjava/lang/CharSequence;)Z @ 19
Event: 21.265 Thread 0x0000000017699000 Uncommon trap: reason=bimorphic action=maybe_recompile pc=0x000000000326d558 method=java.util.regex.Pattern$5.isSatisfiedBy(I)Z @ 16
Event: 21.265 Thread 0x0000000017699000 Uncommon trap: reason=bimorphic action=maybe_recompile pc=0x000000000326d558 method=java.util.regex.Pattern$5.isSatisfiedBy(I)Z @ 16
Event: 21.265 Thread 0x0000000017699000 Uncommon trap: reason=bimorphic action=maybe_recompile pc=0x000000000326d558 method=java.util.regex.Pattern$5.isSatisfiedBy(I)Z @ 16
Event: 21.265 Thread 0x0000000017699000 Uncommon trap: reason=bimorphic action=maybe_recompile pc=0x000000000326d558 method=java.util.regex.Pattern$5.isSatisfiedBy(I)Z @ 16
Event: 21.491 Thread 0x0000000017699000 Uncommon trap: reason=bimorphic action=maybe_recompile pc=0x0000000002f86cbc method=java.util.AbstractList$Itr.next()Ljava/lang/Object; @ 14
Event: 21.491 Thread 0x0000000017699000 Uncommon trap: reason=bimorphic action=maybe_recompile pc=0x0000000002f86cbc method=java.util.AbstractList$Itr.next()Ljava/lang/Object; @ 14
Event: 21.498 Thread 0x0000000017699000 Uncommon trap: reason=bimorphic action=maybe_recompile pc=0x0000000002f86cbc method=java.util.AbstractList$Itr.next()Ljava/lang/Object; @ 14
Event: 21.500 Thread 0x0000000017699000 Uncommon trap: reason=bimorphic action=maybe_recompile pc=0x0000000002f86cbc method=java.util.AbstractList$Itr.next()Ljava/lang/Object; @ 14

Internal exceptions (10 events):
Event: 21.240 Thread 0x0000000017699000 Exception <a 'java/lang/ClassNotFoundException': org/gradle/api/file/FileTreeBeanInfo> (0x00000000edb08ad8) thrown at [C:\re\workspace\8-2-build-windows-amd64-cygwin\jdk8u66\5298\hotspot\src\share\vm\classfile\systemDictionary.cpp, line 210]
Event: 21.241 Thread 0x0000000017699000 Exception <a 'java/lang/ClassNotFoundException': org/gradle/api/file/FileTreeCustomizer> (0x00000000edb26b50) thrown at [C:\re\workspace\8-2-build-windows-amd64-cygwin\jdk8u66\5298\hotspot\src\share\vm\classfile\systemDictionary.cpp, line 210]
Event: 21.242 Thread 0x0000000017699000 Exception <a 'java/lang/ClassNotFoundException': org/gradle/api/file/ConfigurableFileTreeBeanInfo> (0x00000000edb5cb28) thrown at [C:\re\workspace\8-2-build-windows-amd64-cygwin\jdk8u66\5298\hotspot\src\share\vm\classfile\systemDictionary.cpp, line 210]
Event: 21.243 Thread 0x0000000017699000 Exception <a 'java/lang/ClassNotFoundException': org/gradle/api/file/ConfigurableFileTreeCustomizer> (0x00000000edb7f338) thrown at [C:\re\workspace\8-2-build-windows-amd64-cygwin\jdk8u66\5298\hotspot\src\share\vm\classfile\systemDictionary.cpp, line 210]
Event: 21.244 Thread 0x0000000017699000 Exception <a 'java/lang/ClassNotFoundException': org/gradle/api/file/DirectoryTreeBeanInfo> (0x00000000edbb17a0) thrown at [C:\re\workspace\8-2-build-windows-amd64-cygwin\jdk8u66\5298\hotspot\src\share\vm\classfile\systemDictionary.cpp, line 210]
Event: 21.244 Thread 0x0000000017699000 Exception <a 'java/lang/ClassNotFoundException': org/gradle/api/file/DirectoryTreeCustomizer> (0x00000000edbd23f0) thrown at [C:\re\workspace\8-2-build-windows-amd64-cygwin\jdk8u66\5298\hotspot\src\share\vm\classfile\systemDictionary.cpp, line 210]
Event: 21.247 Thread 0x0000000017699000 Exception <a 'java/lang/ClassNotFoundException': org/gradle/api/tasks/util/PatternFilterableBeanInfo> (0x00000000edc04f48) thrown at [C:\re\workspace\8-2-build-windows-amd64-cygwin\jdk8u66\5298\hotspot\src\share\vm\classfile\systemDictionary.cpp, line 210]⁄ÄÜ«Q?5@
Event: 21.247 Thread 0x0000000017699000 Exception <a 'java/lang/ClassNotFoundException': org/gradle/api/tasks/util/PatternFilterableCustomizer> (0x00000000edc29ae0) thrown at [C:\re\workspace\8-2-build-windows-amd64-cygwin\jdk8u66\5298\hotspot\src\share\vm\classfile\systemDictionary.cpp, line 21kç¸Rfn5@
Event: 21.431 Thread 0x0000000017699000 Exception <a 'java/lang/ClassNotFoundException': com/sun/org/glassfish/hk2/osgiresourcelocator/ServiceLoader> (0x00000000ee33ffe0) thrown at [C:\re\workspace\8-2-build-windows-amd64-cygwin\jdk8u66\5298\hotspot\src\share\vm\classfile\systemDictionary.cpp, l å8ﬁ˛p5@
Event: 21.441 Thread 0x0000000017699000 Exception <a 'java/lang/NullPointerException'> (0x00000000ee3736e8) thrown at [C:\re\workspace\8-2-build-windows-amd64-cygwin\jdk8u66\5298\hotspot\src\share\vm\interpreter\linkResolver.cpp, line 1280]

Events (10 events):
Event: 21.551 loading class com/sun/xml/internal/bind/v2/model/runtime/RuntimeElementInfo done
Event: 21.551 loading class com/sun/xml/internal/bind/v2/model/impl/ElementInfoImpl
Event: 21.552 loading class com/sun/xml/internal/bind/v2/model/impl/ElementInfoImpl done
Event: 21.552 loading class com/sun/xml/internal/bind/v2/model/impl/RuntimeElementInfoImpl done
Event: 21.552 loading class com/sun/xml/internal/bind/v2/model/impl/RuntimeElementInfoImpl$RuntimePropertyImpl
Event: 21.553 loading class com/sun/xml/internal/bind/v2/model/impl/ElementInfoImpl$PropertyImpl
Event: 21.553 loading class com/sun/xml/internal/bind/v2/model/impl/ElementInfoImpl$PropertyImpl done
Event: 21.553 loading class com/sun/xml/internal/bind/v2/model/impl/RuntimeElementInfoImpl$RuntimePropertyImpl done
Event: 21.553 loading class com/android/sdklib/repositoryv2/generated/addon/v1/MavenType
Event: 21.553 loading class com/android/sdklib/repositoryv2/generated/addon/v1/MavenType done


Dynamic libraries:
0x00007ff7e5cb0000 - 0x00007ff7e5ce7000 	C:\Program Files\Java\jdk1.8.0_66\bin\java.exe
0x00007ffc485c0000 - 0x00007ffc48781000 	C:\WINDOWS\SYSTEM32\ntdll.dll
0x00007ffc47dc0000 - 0x00007ffc47e6d000 	C:\WINDOWS\system32\KERNEL32.DLL
0x00007ffc45740000 - 0x00007ffc45928000 	C:\WINDOWS\system32\KERNELBASE.dll
0x00007ffc46210000 - 0x00007ffc462b7000 	C:\WINDOWS\system32\ADVAPI32.dll
0x00007ffc45bd0000 - 0x00007ffc45c6d000 	C:\WINDOWS\system32\msvcrt.dll
0x00007ffc48000000 - 0x00007ffc4805b000 	C:\WINDOWS\system32\sechost.dll
0x00007ffc48480000 - 0x00007ffc4859c000 	C:\WINDOWS\system32\RPCRT4.dll
0x00007ffc45a70000 - 0x00007ffc45bc6000 	C:\WINDOWS\system32\USER32.dll
0x00007ffc47e70000 - 0x00007ffc47ff6000 	C:\WINDOWS\system32\GDI32.dll
0x00007ffc35420000 - 0x00007ffc35694000 	C:\WINDOWS\WinSxS\amd64_microsoft.windows.common-controls_6595b64144ccf1df_6.0.10586.0_none_8c15ae12515e1c22\COMCTL32.dll
0x00007ffc47b40000 - 0x00007ffc47dbd000 	C:\WINDOWS\system32\combase.dll
0x00007ffc44c70000 - 0x00007ffc44cda000 	C:\WINDOWS\system32\bcryptPrimitives.dll
0x00007ffc46420000 - 0x00007ffc4645b000 	C:\WINDOWS\system32\IMM32.DLL
0x0000000071650000 - 0x0000000071722000 	C:\Program Files\Java\jdk1.8.0_66\jre\bin\msvcr100.dll
0x0000000071730000 - 0x0000000071fb9000 	C:\Program Files\Java\jdk1.8.0_66\jre\bin\server\jvm.dll
0x00007ffc485b0000 - 0x00007ffc485b8000 	C:\WINDOWS\system32\PSAPI.DLL
0x00007ffc38c20000 - 0x00007ffc38c29000 	C:\WINDOWS\SYSTEM32\WSOCK32.dll
0x00007ffc39000000 - 0x00007ffc3900a000 	C:\WINDOWS\SYSTEM32\VERSION.dll
0x00007ffc42870000 - 0x00007ffc42893000 	C:\WINDOWS\SYSTEM32\WINMM.dll
0x00007ffc48270000 - 0x00007ffc482db000 	C:\WINDOWS\system32\WS2_32.dll
0x00000000009b0000 - 0x00000000009dc000 	C:\WINDOWS\SYSTEM32\WINMMBASE.dll
0x00007ffc45080000 - 0x00007ffc450c3000 	C:\WINDOWS\system32\cfgmgr32.dll
0x0000000072580000 - 0x000000007258f000 	C:\Program Files\Java\jdk1.8.0_66\jre\bin\verify.dll
0x0000000072550000 - 0x0000000072579000 	C:\Program Files\Java\jdk1.8.0_66\jre\bin\java.dll
0x0000000072530000 - 0x0000000072546000 	C:\Program Files\Java\jdk1.8.0_66\jre\bin\zip.dll
0x00007ffc46460000 - 0x00007ffc479bc000 	C:\WINDOWS\system32\SHELL32.dll
0x00007ffc450d0000 - 0x00007ffc45715000 	C:\WINDOWS\system32\windows.storage.dll
0x00007ffc482e0000 - 0x00007ffc48332000 	C:\WINDOWS\system32\shlwapi.dll
0x00007ffc44c60000 - 0x00007ffc44c6f000 	C:\WINDOWS\system32\kernel.appcore.dll
0x00007ffc44ce0000 - 0x00007ffc44d95000 	C:\WINDOWS\system32\shcore.dll
0x00007ffc44c10000 - 0x00007ffc44c5b000 	C:\WINDOWS\system32\powrprof.dll
0x00007ffc44bf0000 - 0x00007ffc44c04000 	C:\WINDOWS\system32\profapi.dll
0x0000000072510000 - 0x000000007252a000 	C:\Program Files\Java\jdk1.8.0_66\jre\bin\net.dll
0x00007ffc444b0000 - 0x00007ffc4450c000 	C:\WINDOWS\system32\mswsock.dll
0x00000000724f0000 - 0x0000000072501000 	C:\Program Files\Java\jdk1.8.0_66\jre\bin\nio.dll
0x00007ffc3f310000 - 0x00007ffc3f322000 	C:\Users\Qian\.gradle\native\19\windows-amd64\native-platform.dll
0x00007ffc3c840000 - 0x00007ffc3c878000 	C:\WINDOWS\SYSTEM32\IPHLPAPI.DLL
0x00007ffc485a0000 - 0x00007ffc485a8000 	C:\WINDOWS\system32\NSI.dll
0x00007ffc3c650000 - 0x00007ffc3c666000 	C:\WINDOWS\SYSTEM32\dhcpcsvc6.DLL
0x00007ffc3c630000 - 0x00007ffc3c64a000 	C:\WINDOWS\SYSTEM32\dhcpcsvc.DLL
0x00007ffc44560000 - 0x00007ffc44577000 	C:\WINDOWS\SYSTEM32\CRYPTSP.dll
0x00007ffc441f0000 - 0x00007ffc44224000 	C:\WINDOWS\system32\rsaenh.dll
0x00007ffc44b20000 - 0x00007ffc44b49000 	C:\WINDOWS\SYSTEM32\bcrypt.dll
0x00007ffc44340000 - 0x00007ffc4435f000 	C:\WINDOWS\SYSTEM32\USERENV.dll
0x00007ffc44680000 - 0x00007ffc4468b000 	C:\WINDOWS\SYSTEM32\CRYPTBASE.dll
0x0000000072490000 - 0x000000007249d000 	C:\Program Files\Java\jdk1.8.0_66\jre\bin\management.dll

VM Arguments:
jvm_args: -XX:MaxPermSize=256m -XX:+HeapDumpOnOutOfMemoryError -Xmx1024m -Dfile.encoding=windows-1252 -Duser.country=US -Duser.language=en -Duser.variant 
java_command: org.gradle.launcher.daemon.bootstrap.GradleDaemon 2.10
java_class_path (initial): C:\Program Files\Android\Android Studio\gradle\gradle-2.10\lib\gradle-launcher-2.10.jar
Launcher Type: SUN_STANDARD

Environment Variables:
PATH=C:\ProgramData\Oracle\Java\javapath;C:\Program Files (x86)\Lenovo\FusionEngine;C:\Program Files (x86)\Intel\iCLS Client\;C:\Program Files\Intel\iCLS Client\;C:\WINDOWS\system32;C:\WINDOWS;C:\WINDOWS\System32\Wbem;C:\WINDOWS\System32\WindowsPowerShell\v1.0\;C:\Program Files\Intel\Intel(R) Management Engine Components\DAL;C:\Program Files\Intel\Intel(R) Management Engine Components\IPT;C:\Program Files (x86)\Intel\Intel(R) Management Engine Components\DAL;C:\Program Files (x86)\Intel\Intel(R) Management Engine Components\IPT;C:\Program Files (x86)\Common Files\lenovo\easyplussdk\bin;C:\Program Files\Intel\WiFi\bin\;C:\Program Files\Common Files\Intel\WirelessCommon\;C:\Program Files (x86)\Smart Projects\IsoBuster;C:\Users\Qian\AppData\Local\GitHub\PortableGit_c7e0cbde92ba565cb218a521411d0e854079a28c\cmd;C:\Program Files (x86)\QuickTime\QTSystem\;C:\Program Files (x86)\Brackets\command;C:\Program Files\Microsoft\Web Platform Installer\;C:\Program Files (x86)\Microsoft ASP.NET\ASP.NET Web Pages\v1.0\;C:\Program Files (x86)\Windows Kits\8.0\Windows Performance Toolkit\;C:\Program Files\Microsoft SQL Server\110\Tools\Binn\;C:\Program Files (x86)\Heroku\bin;C:\Program Files (x86)\git\cmd;C:\Program Files (x86)\Skype\Phone\;C:\Program Files (x86)\SMLNJ\bin\;C:\Program Files (x86)\GtkSharp\2.12\bin;C:\Program Files (x86)\scala\bin;C:\Users\Qian\AppData\Local\Programs\Python\Python35-32\Scripts\;C:\Users\Qian\AppData\Local\Programs\Python\Python35-32\;C:\Program Files (x86)\Microsoft VS Code\bin;C:\Users\Qian\AppData\Local\atom\bin
USERNAME=Qian
OS=Windows_NT
PROCESSOR_IDENTIFIER=Intel64 Family 6 Model 69 Stepping 1, GenuineIntel



---------------  S Y S T E M  ---------------

OS: Windows 10.0 , 64 bit Build 10586 (10.0.10586.0)

CPU:total 4 (2 cores per cpu, 2 threads per core) family 6 model 69 stepping 1, cmov, cx8, fxsr, mmx, sse, sse2, sse3, ssse3, sse4.1, sse4.2, popcnt, avx, avx2, aes, clmul, erms, lzcnt, ht, tsc, tscinvbit, bmi1, bmi2

Memory: 4k page, physical 8278296k(1354664k free), swap 33444120k(5652k free)

vm_info: Java HotSpot(TM) 64-Bit Server VM (25.66-b18) for windows-amd64 JRE (1.8.0_66-b18), built on Nov  9 2015 10:51:13 by "java_re" with MS VC++ 10.0 (VS2010)

time: Sat Apr 16 16:14:31 2016
elapsed time: 21 seconds (0d 0h 0m 21s)

